0 verbose cli C:\Program Files\nodejs\node.exe C:\Program Files\nodejs\node_modules\npm\bin\npm-cli.js
1 info using npm@10.9.3
2 info using node@v22.20.0
3 silly config load:file:C:\Program Files\nodejs\node_modules\npm\npmrc
4 silly config load:file:C:\Office\HML_WEBSITE\.npmrc
5 silly config load:file:C:\Users\Antu Das\.npmrc
6 silly config load:file:C:\Users\Antu Das\AppData\Roaming\npm\etc\npmrc
7 verbose title npm install next@15.1.11
8 verbose argv "install" "next@15.1.11"
9 verbose logfile logs-max:10 dir:C:\Office\HML_WEBSITE\.npm-cache\_logs\2026-04-11T13_39_00_938Z-
10 verbose logfile C:\Office\HML_WEBSITE\.npm-cache\_logs\2026-04-11T13_39_00_938Z-debug-0.log
11 silly logfile done cleaning log files
12 silly packumentCache heap:4345298944 maxSize:1086324736 maxEntrySize:543162368
13 silly idealTree buildDeps
14 silly fetch manifest next@15.1.11
15 silly packumentCache full:https://registry.npmjs.org/next cache-miss
16 http fetch GET https://registry.npmjs.org/npm attempt 1 failed with EACCES
17 http fetch GET https://registry.npmjs.org/next attempt 1 failed with EACCES
18 http fetch GET https://registry.npmjs.org/npm attempt 2 failed with EACCES
19 http fetch GET https://registry.npmjs.org/next attempt 2 failed with EACCES
20 http fetch GET https://registry.npmjs.org/npm attempt 3 failed with EACCES
21 http fetch GET https://registry.npmjs.org/next attempt 3 failed with EACCES
22 silly placeDep ROOT next@ REPLACE for: hml-website@0.1.0 want: 15.1.11
23 warn ERESOLVE overriding peer dependency {
23 warn ERESOLVE   code: 'ERESOLVE',
23 warn ERESOLVE   edge: {
23 warn ERESOLVE     type: 'peer',
23 warn ERESOLVE     name: 'next',
23 warn ERESOLVE     spec: '^12 || ^13 || ^14 || >=15.0.0-rc || ^15',
23 warn ERESOLVE     from: {
23 warn ERESOLVE       name: 'next-cloudinary',
23 warn ERESOLVE       version: '6.16.0',
23 warn ERESOLVE       location: 'node_modules/next-cloudinary',
23 warn ERESOLVE       isWorkspace: false,
23 warn ERESOLVE       dependents: [Array]
23 warn ERESOLVE     }
23 warn ERESOLVE   },
23 warn ERESOLVE   dep: {
23 warn ERESOLVE     name: 'next',
23 warn ERESOLVE     version: undefined,
23 warn ERESOLVE     errors: [ [FetchError] ],
23 warn ERESOLVE     package: {},
23 warn ERESOLVE     whileInstalling: {
23 warn ERESOLVE       name: 'hml-website',
23 warn ERESOLVE       version: '0.1.0',
23 warn ERESOLVE       path: 'C:\\Office\\HML_WEBSITE'
23 warn ERESOLVE     },
23 warn ERESOLVE     location: 'node_modules/next',
23 warn ERESOLVE     isWorkspace: false,
23 warn ERESOLVE     dependents: [ [Object] ]
23 warn ERESOLVE   },
23 warn ERESOLVE   force: false,
23 warn ERESOLVE   isMine: true,
23 warn ERESOLVE   strictPeerDeps: false,
23 warn ERESOLVE   current: {
23 warn ERESOLVE     name: 'next',
23 warn ERESOLVE     version: '15.1.4',
23 warn ERESOLVE     location: 'node_modules/next',
23 warn ERESOLVE     isWorkspace: false,
23 warn ERESOLVE     dependents: [ [Object], [Object] ]
23 warn ERESOLVE   }
23 warn ERESOLVE }
24 verbose type system
25 verbose stack FetchError: request to https://registry.npmjs.org/next failed, reason: 
25 verbose stack     at ClientRequest.<anonymous> (C:\Program Files\nodejs\node_modules\npm\node_modules\minipass-fetch\lib\index.js:130:14)
25 verbose stack     at ClientRequest.emit (node:events:519:28)
25 verbose stack     at emitErrorEvent (node:_http_client:105:11)
25 verbose stack     at _destroy (node:_http_client:898:9)
25 verbose stack     at onSocketNT (node:_http_client:918:5)
25 verbose stack     at process.processTicksAndRejections (node:internal/process/task_queues:91:21)
26 error code EACCES
27 error errno EACCES
28 error FetchError: request to https://registry.npmjs.org/next failed, reason: 
28 error     at ClientRequest.<anonymous> (C:\Program Files\nodejs\node_modules\npm\node_modules\minipass-fetch\lib\index.js:130:14)
28 error     at ClientRequest.emit (node:events:519:28)
28 error     at emitErrorEvent (node:_http_client:105:11)
28 error     at _destroy (node:_http_client:898:9)
28 error     at onSocketNT (node:_http_client:918:5)
28 error     at process.processTicksAndRejections (node:internal/process/task_queues:91:21) {
28 error   code: 'EACCES',
28 error   errno: 'EACCES',
28 error   type: 'system',
28 error   requiredBy: '.'
28 error }
29 error
29 error The operation was rejected by your operating system.
29 error It's possible that the file was already in use (by a text editor or antivirus),
29 error or that you lack permissions to access it.
29 error
29 error If you believe this might be a permissions issue, please double-check the
29 error permissions of the file and its containing directories, or try running
29 error the command again as root/Administrator.
30 silly unfinished npm timer reify 1775914742180
31 silly unfinished npm timer reify:loadTrees 1775914742183
32 verbose cwd C:\Office\HML_WEBSITE
33 verbose os Windows_NT 10.0.26200
34 verbose node v22.20.0
35 verbose npm  v10.9.3
36 verbose exit 1
37 verbose code 1
38 error A complete log of this run can be found in: C:\Office\HML_WEBSITE\.npm-cache\_logs\2026-04-11T13_39_00_938Z-debug-0.log
